<?xml version="1.0" encoding="UTF-8"?>
<!-- Generated by org.testng.reporters.JUnitReportReporter -->
<testsuite hostname="anonymous" failures="0" tests="2" name="exp6.Signing" time="87.997" errors="0" timestamp="2021-02-23T00:04:51 IST" skipped="0">
  <testcase classname="exp6.Signing" name="test1" time="53.113"/>
  <system-out/>
  <testcase classname="exp6.Signing" name="test1" time="34.884"/>
  <system-out/>
</testsuite> <!-- exp6.Signing -->
