<?xml version="1.0" encoding="UTF-8"?>
<!-- Generated by org.testng.reporters.JUnitReportReporter -->
<testsuite hostname="anonymous" failures="0" tests="6" name="exp6.Testng_search" time="26.111" errors="0" timestamp="2021-02-26T00:44:36 IST" skipped="0">
  <testcase classname="exp6.Testng_search" name="test1" time="1.985"/>
  <system-out/>
  <testcase classname="exp6.Testng_search" name="test2" time="3.005"/>
  <system-out/>
  <testcase classname="exp6.Testng_search" name="test3" time="3.019"/>
  <system-out/>
  <testcase classname="exp6.Testng_search" name="test4" time="12.918"/>
  <system-out/>
  <testcase classname="exp6.Testng_search" name="test5" time="0.031"/>
  <system-out/>
  <testcase classname="exp6.Testng_search" name="test6" time="5.153"/>
  <system-out/>
</testsuite> <!-- exp6.Testng_search -->
