<?xml version="1.0" encoding="UTF-8"?>
<!-- Generated by org.testng.reporters.JUnitReportReporter -->
<testsuite hostname="anonymous" failures="0" tests="6" name="exp6.Testng_register" time="5.331" errors="0" timestamp="2021-02-26T01:04:28 IST" skipped="0">
  <testcase classname="exp6.Testng_register" name="test1" time="2.315"/>
  <system-out/>
  <testcase classname="exp6.Testng_register" name="test2" time="0.317"/>
  <system-out/>
  <testcase classname="exp6.Testng_register" name="test3" time="0.120"/>
  <system-out/>
  <testcase classname="exp6.Testng_register" name="test4" time="0.154"/>
  <system-out/>
  <testcase classname="exp6.Testng_register" name="test5" time="0.109"/>
  <system-out/>
  <testcase classname="exp6.Testng_register" name="test6" time="2.316"/>
  <system-out/>
</testsuite> <!-- exp6.Testng_register -->
