<?xml version="1.0" encoding="UTF-8"?>
<!-- Generated by org.testng.reporters.JUnitReportReporter -->
<testsuite hostname="anonymous" failures="0" tests="2" name="exp7.Logintest2" time="56.131" errors="0" timestamp="2021-02-26T01:21:02 IST" skipped="0">
  <testcase classname="exp7.Logintest2" name="test2" time="26.099"/>
  <system-out/>
  <testcase classname="exp7.Logintest2" name="test2" time="30.032"/>
  <system-out/>
</testsuite> <!-- exp7.Logintest2 -->
