<?xml version="1.0" encoding="UTF-8"?>
<!-- Generated by org.testng.reporters.JUnitReportReporter -->
<testsuite hostname="anonymous" failures="0" tests="1" name="exp12.Testclass" time="0.013" errors="0" timestamp="2021-03-31T22:41:49 IST" skipped="0">
  <testcase classname="exp12.Testclass" name="testing" time="0.013"/>
  <system-out/>
</testsuite> <!-- exp12.Testclass -->
