<?xml version="1.0" encoding="UTF-8"?>
<!-- Generated by org.testng.reporters.JUnitReportReporter -->
<testsuite hostname="anonymous" failures="0" tests="5" name="exp6.Testng_signin" time="9.896" errors="0" timestamp="2021-03-11T14:03:06 IST" skipped="0">
  <testcase classname="exp6.Testng_signin" name="test1" time="1.774"/>
  <system-out/>
  <testcase classname="exp6.Testng_signin" name="test2" time="0.314"/>
  <system-out/>
  <testcase classname="exp6.Testng_signin" name="test3" time="2.910"/>
  <system-out/>
  <testcase classname="exp6.Testng_signin" name="test4" time="0.238"/>
  <system-out/>
  <testcase classname="exp6.Testng_signin" name="test5" time="4.660"/>
  <system-out/>
</testsuite> <!-- exp6.Testng_signin -->
