<?xml version="1.0" encoding="UTF-8"?>
<!-- Generated by org.testng.reporters.JUnitReportReporter -->
<testsuite hostname="anonymous" failures="0" tests="2" name="exp7.Logintest" time="45.773" errors="0" timestamp="2021-02-26T01:12:04 IST" skipped="0">
  <testcase classname="exp7.Logintest" name="test2" time="22.839"/>
  <system-out/>
  <testcase classname="exp7.Logintest" name="test2" time="22.934"/>
  <system-out/>
</testsuite> <!-- exp7.Logintest -->
