<?xml version="1.0" encoding="UTF-8"?>
<!-- Generated by org.testng.reporters.JUnitReportReporter -->
<testsuite hostname="anonymous" failures="0" tests="2" name="Project.NewTest" time="0.015" errors="0" timestamp="2021-04-04T12:52:59 IST" skipped="0">
  <testcase classname="Project.NewTest" name="f" time="0.012"/>
  <system-out/>
  <testcase classname="Project.NewTest" name="f1" time="0.003"/>
  <system-out/>
</testsuite> <!-- Project.NewTest -->
